<?xml version="1.0" encoding="UTF-8"?>
<!-- Generated by org.testng.reporters.JUnitReportReporter -->
<testsuite hostname="DESKTOP-HHIM7D1" failures="0" tests="4" name="tests.Register" time="41.089" errors="0" timestamp="2024-09-24T13:08:16 IST" skipped="0">
  <testcase classname="tests.Register" name="verifyRegisterWithKeyBoard" time="12.544"/>
  <testcase classname="tests.Register" name="verifyRegisterAccountUsingMandatoryFields" time="9.631"/>
  <testcase classname="tests.Register" name="verifyRegisterAccountUsingAllFields" time="10.515"/>
  <testcase classname="tests.Register" name="verifyRegisterAccountWithoutAnyDetails" time="8.399"/>
</testsuite> <!-- tests.Register -->
