<?xml version="1.0" encoding="UTF-8"?>
<!-- Generated by org.testng.reporters.JUnitReportReporter -->
<testsuite hostname="DESKTOP-HHIM7D1" failures="0" tests="2" name="tests.Search" time="13.593" errors="0" timestamp="2024-09-24T12:50:14 IST" skipped="0">
  <testcase classname="tests.Search" name="verifySearchingForNonExistingProduct" time="6.737"/>
  <testcase classname="tests.Search" name="verifySearchingForExistingProduct" time="6.856"/>
</testsuite> <!-- tests.Search -->
