<?xml version="1.0" encoding="UTF-8"?>
<!-- Generated by org.testng.reporters.JUnitReportReporter -->
<testsuite hostname="DESKTOP-HHIM7D1" failures="0" tests="5" name="tests.Login" time="53.663" errors="0" timestamp="2024-09-24T13:22:01 IST" skipped="0">
  <testcase classname="tests.Login" name="verifyLoginWithValidCredentials" time="8.806"/>
  <testcase classname="tests.Login" name="verifyLoginWithInValidCredentials" time="8.210"/>
  <testcase classname="tests.Login" name="verifyLoginWithInValidEmailValidPassword" time="8.327"/>
  <testcase classname="tests.Login" name="verifyLoginWithValidEmailInValidPassword" time="20.746"/>
  <testcase classname="tests.Login" name="verifyLoginWithOutEmailAndPassword" time="7.574"/>
</testsuite> <!-- tests.Login -->
