<?xml version="1.0" encoding="UTF-8"?>
<!-- Generated by org.testng.reporters.JUnitReportReporter -->
<testsuite hostname="DESKTOP-HHIM7D1" failures="0" tests="5" name="TestngParameterizingDemo.Login" time="29.548" errors="0" timestamp="2024-09-17T13:03:26 IST" skipped="0">
  <testcase classname="TestngParameterizingDemo.Login" name="LoginWithInValidCredentials" time="7.998"/>
  <testcase classname="TestngParameterizingDemo.Login" name="LoginWithInValidEmailAndValidPassword" time="4.841"/>
  <testcase classname="TestngParameterizingDemo.Login" name="LoginWithOutCredentials" time="5.521"/>
  <testcase classname="TestngParameterizingDemo.Login" name="LoginWithValidCredentials" time="5.746"/>
  <testcase classname="TestngParameterizingDemo.Login" name="LoginWithValidEmailAndInvalidPassword" time="5.442"/>
</testsuite> <!-- TestngParameterizingDemo.Login -->
