<?xml version="1.0" encoding="UTF-8"?>
<!-- Generated by org.testng.reporters.JUnitReportReporter -->
<testsuite hostname="DESKTOP-HHIM7D1" failures="0" tests="3" name="fconcept.AssertionDemo" time="0.049" errors="0" timestamp="2024-10-09T11:52:42 IST" skipped="0">
  <testcase classname="fconcept.AssertionDemo" name="SampleTestTwo" time="0.009"/>
  <testcase classname="fconcept.AssertionDemo" name="SampleTestOne" time="0.033"/>
  <testcase classname="fconcept.AssertionDemo" name="SampleTestThree" time="0.007"/>
</testsuite> <!-- fconcept.AssertionDemo -->
