<?xml version="1.0" encoding="UTF-8"?>
<!-- Generated by org.testng.reporters.JUnitReportReporter -->
<testsuite hostname="DESKTOP-HHIM7D1" failures="0" tests="3" name="fconcept.BeforeAfterMethodAnnotationsDemo" time="0.024" errors="0" timestamp="2024-09-16T12:25:00 IST" skipped="0">
  <testcase classname="fconcept.BeforeAfterMethodAnnotationsDemo" name="testmethodThree" time="0.010"/>
  <testcase classname="fconcept.BeforeAfterMethodAnnotationsDemo" name="testmethodTwo" time="0.007"/>
  <testcase classname="fconcept.BeforeAfterMethodAnnotationsDemo" name="testmethodOne" time="0.007"/>
</testsuite> <!-- fconcept.BeforeAfterMethodAnnotationsDemo -->
