<?xml version="1.0" encoding="UTF-8"?>
<!-- Generated by org.testng.reporters.JUnitReportReporter -->
<testsuite hostname="DESKTOP-HHIM7D1" failures="0" tests="3" name="fconcept.BeforeAfterClassAnotationsDemo" time="0.048" errors="0" timestamp="2024-10-09T11:48:20 IST" skipped="0">
  <testcase classname="fconcept.BeforeAfterClassAnotationsDemo" name="testmethodThree" time="0.027"/>
  <testcase classname="fconcept.BeforeAfterClassAnotationsDemo" name="testmethodTwo" time="0.012"/>
  <testcase classname="fconcept.BeforeAfterClassAnotationsDemo" name="testmethodOne" time="0.009"/>
</testsuite> <!-- fconcept.BeforeAfterClassAnotationsDemo -->
